


ARM Macro Assembler    Page 1 


    1 00000000         ;/******************************************************
                       ********************/
    2 00000000         ;/*                                                     
                                          */
    3 00000000         ;/*       Copyright (c) Microsoft Corporation. All right
                       s reserved.        */
    4 00000000         ;/*                                                     
                                          */
    5 00000000         ;/*       This software is licensed under the Microsoft 
                       Software License   */
    6 00000000         ;/*       Terms for Microsoft Azure RTOS. Full text of t
                       he license can be  */
    7 00000000         ;/*       found in the LICENSE file at https://aka.ms/Az
                       ureRTOS_EULA       */
    8 00000000         ;/*       and in the root directory of this software.   
                                          */
    9 00000000         ;/*                                                     
                                          */
   10 00000000         ;/******************************************************
                       ********************/
   11 00000000         ;
   12 00000000         ;
   13 00000000         ;/******************************************************
                       ********************/
   14 00000000         ;/******************************************************
                       ********************/
   15 00000000         ;/**                                                    
                                          */
   16 00000000         ;/** ThreadX Component                                  
                                          */
   17 00000000         ;/**                                                    
                                          */
   18 00000000         ;/**   Initialize                                       
                                          */
   19 00000000         ;/**                                                    
                                          */
   20 00000000         ;/******************************************************
                       ********************/
   21 00000000         ;/******************************************************
                       ********************/
   22 00000000         ;
   23 00000000         ;#define TX_SOURCE_CODE
   24 00000000         ;
   25 00000000         ;
   26 00000000         ;/* Include necessary system files.  */
   27 00000000         ;
   28 00000000         ;#include "tx_api.h"
   29 00000000         ;#include "tx_initialize.h"
   30 00000000         ;#include "tx_thread.h"
   31 00000000         ;#include "tx_timer.h"
   32 00000000         ;
   33 00000000         ;
   34 00000000                 IMPORT           __initial_sp
   35 00000000         
   36 00000000         
   37 00000000                 IMPORT           _tx_thread_system_stack_ptr
   38 00000000                 IMPORT           _tx_initialize_unused_memory
   39 00000000                 IMPORT           _tx_thread_context_save
   40 00000000                 IMPORT           _tx_thread_context_restore



ARM Macro Assembler    Page 2 


   41 00000000                 IMPORT           _tx_timer_interrupt
   42 00000000                 IMPORT           __main
   43 00000000         ;    IMPORT  |Image$$RO$$Limit|
   44 00000000         ;    IMPORT  |Image$$RW$$Base|
   45 00000000         ;    IMPORT  |Image$$ZI$$Base|
   46 00000000         ;    IMPORT  |Image$$ZI$$Limit|
   47 00000000                 IMPORT           __tx_PendSVHandler
   48 00000000                 IMPORT           __Vectors
   49 00000000         
   50 00000000         ;
   51 00000000         ;
   52 00000000 04C4B400 
                       SYSTEM_CLOCK
                               EQU              80000000
   53 00000000 0001387F 
                       SYSTICK_CYCLES
                               EQU              ((SYSTEM_CLOCK / 1000) -1)
   54 00000000         
   55 00000000         
   56 00000000         ;/******************************************************
                       ********************/
   57 00000000         ;/*                                                     
                                          */
   58 00000000         ;/*  FUNCTION                                           
                           RELEASE        */
   59 00000000         ;/*                                                     
                                          */
   60 00000000         ;/*    _tx_initialize_low_level                         
                        Cortex-M4/RVDS    */
   61 00000000         ;/*                                                     
                             6.0.1        */
   62 00000000         ;/*  AUTHOR                                             
                                          */
   63 00000000         ;/*                                                     
                                          */
   64 00000000         ;/*    William E. Lamie, Microsoft Corporation          
                                          */
   65 00000000         ;/*                                                     
                                          */
   66 00000000         ;/*  DESCRIPTION                                        
                                          */
   67 00000000         ;/*                                                     
                                          */
   68 00000000         ;/*    This function is responsible for any low-level pr
                       ocessor            */
   69 00000000         ;/*    initialization, including setting up interrupt ve
                       ctors, setting     */
   70 00000000         ;/*    up a periodic timer interrupt source, saving the 
                       system stack       */
   71 00000000         ;/*    pointer for use in ISR processing later, and find
                       ing the first      */
   72 00000000         ;/*    available RAM memory address for tx_application_d
                       efine.             */
   73 00000000         ;/*                                                     
                                          */
   74 00000000         ;/*  INPUT                                              
                                          */
   75 00000000         ;/*                                                     
                                          */



ARM Macro Assembler    Page 3 


   76 00000000         ;/*    None                                             
                                          */
   77 00000000         ;/*                                                     
                                          */
   78 00000000         ;/*  OUTPUT                                             
                                          */
   79 00000000         ;/*                                                     
                                          */
   80 00000000         ;/*    None                                             
                                          */
   81 00000000         ;/*                                                     
                                          */
   82 00000000         ;/*  CALLS                                              
                                          */
   83 00000000         ;/*                                                     
                                          */
   84 00000000         ;/*    None                                             
                                          */
   85 00000000         ;/*                                                     
                                          */
   86 00000000         ;/*  CALLED BY                                          
                                          */
   87 00000000         ;/*                                                     
                                          */
   88 00000000         ;/*    _tx_initialize_kernel_enter           ThreadX ent
                       ry function        */
   89 00000000         ;/*                                                     
                                          */
   90 00000000         ;/*  RELEASE HISTORY                                    
                                          */
   91 00000000         ;/*                                                     
                                          */
   92 00000000         ;/*    DATE              NAME                      DESCR
                       IPTION             */
   93 00000000         ;/*                                                     
                                          */
   94 00000000         ;/*  06-30-2020     William E. Lamie         Initial Ver
                       sion 6.0.1         */
   95 00000000         ;/*                                                     
                                          */
   96 00000000         ;/******************************************************
                       ********************/
   97 00000000         
   98 00000000                 AREA             ||.text||, CODE, READONLY
   99 00000000         
  100 00000000         
  101 00000000         ;VOID   _tx_initialize_low_level(VOID)
  102 00000000         ;{
  103 00000000                 EXPORT           _tx_initialize_low_level
  104 00000000         _tx_initialize_low_level
  105 00000000         ;
  106 00000000         ;    /* Disable interrupts during ThreadX initialization
                       .  */
  107 00000000         ;
  108 00000000 B672            CPSID            i
  109 00000002         ;
  110 00000002         ;    /* Set base of available memory to end of non-initi
                       alised RAM area.  */
  111 00000002         ;     



ARM Macro Assembler    Page 4 


  112 00000002 4815            LDR              r0, =_tx_initialize_unused_memo
ry 
                                                            ; Build address of 
                                                            unused memory point
                                                            er
  113 00000004 4915            LDR              r1, =__initial_sp ;|Image$$ZI$$
                                                            Limit|             
                                                                ; Build first f
                                                            ree address
  114 00000006 F101 0104       ADD              r1, r1, #4  ; 
  115 0000000A 6001            STR              r1, [r0]    ; Setup first unuse
                                                            d memory pointer
  116 0000000C         ;
  117 0000000C         ;    /* Setup Vector Table Offset Register.  */
  118 0000000C         ;    
  119 0000000C F04F 20E0       MOV              r0, #0xE000E000 ; Build address
                                                             of NVIC registers
  120 00000010 4913            LDR              r1, =__Vectors ; Pickup address
                                                             of vector table
  121 00000012 F8C0 1D08       STR              r1, [r0, #0xD08] ; Set vector t
                                                            able address   
  122 00000016         ;
  123 00000016         ;    /* Enable the cycle count register.  */
  124 00000016         ;
  125 00000016         ;    LDR     r0, =0xE0001000                         ; B
                       uild address of DWT register
  126 00000016         ;    LDR     r1, [r0]                                ; P
                       ickup the current value
  127 00000016         ;    ORR     r1, r1, #1                              ; S
                       et the CYCCNTENA bit
  128 00000016         ;    STR     r1, [r0]                                ; E
                       nable the cycle count register 
  129 00000016         ;
  130 00000016         ;    /* Set system stack pointer from vector value.  */
  131 00000016         ;
  132 00000016 4813            LDR              r0, =_tx_thread_system_stack_pt
r 
                                                            ; Build address of 
                                                            system stack pointe
                                                            r
  133 00000018 4911            LDR              r1, =__Vectors ; Pickup address
                                                             of vector table
  134 0000001A 6809            LDR              r1, [r1]    ; Pickup reset stac
                                                            k pointer
  135 0000001C 6001            STR              r1, [r0]    ; Save system stack
                                                             pointer
  136 0000001E         ;
  137 0000001E         ;    /* Configure SysTick.  */
  138 0000001E         ;
  139 0000001E F04F 20E0       MOV              r0, #0xE000E000 ; Build address
                                                             of NVIC registers
  140 00000022 4911            LDR              r1, =SYSTICK_CYCLES
  141 00000024 6141            STR              r1, [r0, #0x14] ; Setup SysTick
                                                             Reload Value
  142 00000026 F04F 0107       MOV              r1, #0x7    ; Build SysTick Con
                                                            trol Enable Value
  143 0000002A 6101            STR              r1, [r0, #0x10] ; Setup SysTick
                                                             Control
  144 0000002C         ;



ARM Macro Assembler    Page 5 


  145 0000002C         ;    /* Configure handler priorities.  */
  146 0000002C         ;
  147 0000002C F04F 0100       LDR              r1, =0x00000000 ; Rsrv, UsgF, B
                                                            usF, MemM
  148 00000030 F8C0 1D18       STR              r1, [r0, #0xD18] ; Setup System
                                                             Handlers 4-7 Prior
                                                            ity Registers
  149 00000034         
  150 00000034 F04F 417F       LDR              r1, =0xFF000000 ; SVCl, Rsrv, R
                                                            srv, Rsrv
  151 00000038 F8C0 1D1C       STR              r1, [r0, #0xD1C] ; Setup System
                                                             Handlers 8-11 Prio
                                                            rity Registers
  152 0000003C         ; Note: SVC must be lowest priority, which is 0xFF
  153 0000003C         
  154 0000003C 490B            LDR              r1, =0x40FF0000 ; SysT, PnSV, R
                                                            srv, DbgM
  155 0000003E F8C0 1D20       STR              r1, [r0, #0xD20] ; Setup System
                                                             Handlers 12-15 Pri
                                                            ority Registers
  156 00000042         ; Note: PnSV must be lowest priority, which is 0xFF
  157 00000042         ;
  158 00000042         ;    /* Return to caller.  */
  159 00000042         ;    
  160 00000042 4770            BX               lr
  161 00000044         ;}
  162 00000044         ;
  163 00000044         ;       
  164 00000044         ;/* Define initial heap/stack routine for the ARM RVCT s
                       tartup code.
  165 00000044         ;   This routine will set the initial stack and heap loc
                       ations */
  166 00000044         ;
  167 00000044         ;
  168 00000044         ;
  169 00000044         ;/* Define shells for each of the unused vectors.  */
  170 00000044         ;
  171 00000044                 EXPORT           __tx_IntHandler
  172 00000044         __tx_IntHandler
  173 00000044         ; VOID InterruptHandler (VOID)
  174 00000044         ; {
  175 00000044 B501            PUSH             {r0, lr}
  176 00000046         
  177 00000046         ;    /* Do interrupt handler work here */
  178 00000046         ;    /* .... */
  179 00000046         
  180 00000046 E8BD 4001       POP              {r0, lr}
  181 0000004A 4770            BX               LR
  182 0000004C         ; }
  183 0000004C         
  184 0000004C         
  185 0000004C                 EXPORT           __tx_SysTickHandler
  186 0000004C                 EXPORT           SysTick_Handler
  187 0000004C         __tx_SysTickHandler
  188 0000004C         SysTick_Handler
  189 0000004C         ; VOID TimerInterruptHandler (VOID)
  190 0000004C         ; {
  191 0000004C         ;
  192 0000004C B501            PUSH             {r0, lr}



ARM Macro Assembler    Page 6 


  193 0000004E F7FF FFFE       BL               _tx_timer_interrupt
  194 00000052 E8BD 4001       POP              {r0, lr}
  195 00000056 4770            BX               LR
  196 00000058         ; }
  197 00000058         
  198 00000058                 ALIGN
  199 00000058 00000000 
              00000000 
              00000000 
              00000000 
              0001387F 
              40FF0000         LTORG
  200 00000070                 END
Command Line: --debug --xref --diag_suppress=9931 --cpu=Cortex-M4.fp.sp --apcs=
interwork --depend=azurertos\tx_initialize_low_level.d -oazurertos\tx_initializ
e_low_level.o -I.\RTE\_AzureRTOS -IC:\Users\ChenYanan\AppData\Local\Arm\Packs\A
RM\CMSIS\5.6.0\CMSIS\Core\Include -IC:\Users\ChenYanan\AppData\Local\Arm\Packs\
Keil\STM32L4xx_DFP\2.3.0\Drivers\CMSIS\Device\ST\STM32L4xx\Include --predefine=
"__MICROLIB SETA 1" --predefine="__UVISION_VERSION SETA 529" --predefine="_RTE_
 SETA 1" --predefine="STM32L496xx SETA 1" --list=tx_initialize_low_level.lst ..
\src\AzureRTOS\ports\cortex_m4\keil\src\tx_initialize_low_level.s



ARM Macro Assembler    Page 1 Alphabetic symbol ordering
Relocatable symbols

SysTick_Handler 0000004C

Symbol: SysTick_Handler
   Definitions
      At line 188 in file ..\src\AzureRTOS\ports\cortex_m4\keil\src\tx_initiali
ze_low_level.s
   Uses
      At line 186 in file ..\src\AzureRTOS\ports\cortex_m4\keil\src\tx_initiali
ze_low_level.s
Comment: SysTick_Handler used once
__tx_IntHandler 00000044

Symbol: __tx_IntHandler
   Definitions
      At line 172 in file ..\src\AzureRTOS\ports\cortex_m4\keil\src\tx_initiali
ze_low_level.s
   Uses
      At line 171 in file ..\src\AzureRTOS\ports\cortex_m4\keil\src\tx_initiali
ze_low_level.s
Comment: __tx_IntHandler used once
__tx_SysTickHandler 0000004C

Symbol: __tx_SysTickHandler
   Definitions
      At line 187 in file ..\src\AzureRTOS\ports\cortex_m4\keil\src\tx_initiali
ze_low_level.s
   Uses
      At line 185 in file ..\src\AzureRTOS\ports\cortex_m4\keil\src\tx_initiali
ze_low_level.s
Comment: __tx_SysTickHandler used once
_tx_initialize_low_level 00000000

Symbol: _tx_initialize_low_level
   Definitions
      At line 104 in file ..\src\AzureRTOS\ports\cortex_m4\keil\src\tx_initiali
ze_low_level.s
   Uses
      At line 103 in file ..\src\AzureRTOS\ports\cortex_m4\keil\src\tx_initiali
ze_low_level.s
Comment: _tx_initialize_low_level used once
|.text| 00000000

Symbol: |.text|
   Definitions
      At line 98 in file ..\src\AzureRTOS\ports\cortex_m4\keil\src\tx_initializ
e_low_level.s
   Uses
      None
Comment: |.text| unused
5 symbols



ARM Macro Assembler    Page 1 Alphabetic symbol ordering
Absolute symbols

SYSTEM_CLOCK 04C4B400

Symbol: SYSTEM_CLOCK
   Definitions
      At line 52 in file ..\src\AzureRTOS\ports\cortex_m4\keil\src\tx_initializ
e_low_level.s
   Uses
      At line 53 in file ..\src\AzureRTOS\ports\cortex_m4\keil\src\tx_initializ
e_low_level.s
Comment: SYSTEM_CLOCK used once
SYSTICK_CYCLES 0001387F

Symbol: SYSTICK_CYCLES
   Definitions
      At line 53 in file ..\src\AzureRTOS\ports\cortex_m4\keil\src\tx_initializ
e_low_level.s
   Uses
      At line 140 in file ..\src\AzureRTOS\ports\cortex_m4\keil\src\tx_initiali
ze_low_level.s
Comment: SYSTICK_CYCLES used once
2 symbols



ARM Macro Assembler    Page 1 Alphabetic symbol ordering
External symbols

__Vectors 00000000

Symbol: __Vectors
   Definitions
      At line 48 in file ..\src\AzureRTOS\ports\cortex_m4\keil\src\tx_initializ
e_low_level.s
   Uses
      At line 120 in file ..\src\AzureRTOS\ports\cortex_m4\keil\src\tx_initiali
ze_low_level.s
      At line 133 in file ..\src\AzureRTOS\ports\cortex_m4\keil\src\tx_initiali
ze_low_level.s

__initial_sp 00000000

Symbol: __initial_sp
   Definitions
      At line 34 in file ..\src\AzureRTOS\ports\cortex_m4\keil\src\tx_initializ
e_low_level.s
   Uses
      At line 113 in file ..\src\AzureRTOS\ports\cortex_m4\keil\src\tx_initiali
ze_low_level.s
Comment: __initial_sp used once
__main 00000000

Symbol: __main
   Definitions
      At line 42 in file ..\src\AzureRTOS\ports\cortex_m4\keil\src\tx_initializ
e_low_level.s
   Uses
      None
Comment: __main unused
__tx_PendSVHandler 00000000

Symbol: __tx_PendSVHandler
   Definitions
      At line 47 in file ..\src\AzureRTOS\ports\cortex_m4\keil\src\tx_initializ
e_low_level.s
   Uses
      None
Comment: __tx_PendSVHandler unused
_tx_initialize_unused_memory 00000000

Symbol: _tx_initialize_unused_memory
   Definitions
      At line 38 in file ..\src\AzureRTOS\ports\cortex_m4\keil\src\tx_initializ
e_low_level.s
   Uses
      At line 112 in file ..\src\AzureRTOS\ports\cortex_m4\keil\src\tx_initiali
ze_low_level.s
Comment: _tx_initialize_unused_memory used once
_tx_thread_context_restore 00000000

Symbol: _tx_thread_context_restore
   Definitions
      At line 40 in file ..\src\AzureRTOS\ports\cortex_m4\keil\src\tx_initializ
e_low_level.s
   Uses
      None
Comment: _tx_thread_context_restore unused



ARM Macro Assembler    Page 2 Alphabetic symbol ordering
External symbols

_tx_thread_context_save 00000000

Symbol: _tx_thread_context_save
   Definitions
      At line 39 in file ..\src\AzureRTOS\ports\cortex_m4\keil\src\tx_initializ
e_low_level.s
   Uses
      None
Comment: _tx_thread_context_save unused
_tx_thread_system_stack_ptr 00000000

Symbol: _tx_thread_system_stack_ptr
   Definitions
      At line 37 in file ..\src\AzureRTOS\ports\cortex_m4\keil\src\tx_initializ
e_low_level.s
   Uses
      At line 132 in file ..\src\AzureRTOS\ports\cortex_m4\keil\src\tx_initiali
ze_low_level.s
Comment: _tx_thread_system_stack_ptr used once
_tx_timer_interrupt 00000000

Symbol: _tx_timer_interrupt
   Definitions
      At line 41 in file ..\src\AzureRTOS\ports\cortex_m4\keil\src\tx_initializ
e_low_level.s
   Uses
      At line 193 in file ..\src\AzureRTOS\ports\cortex_m4\keil\src\tx_initiali
ze_low_level.s
Comment: _tx_timer_interrupt used once
9 symbols
353 symbols in table
