


ARM Macro Assembler    Page 1 


    1 00000000         ;/******************************************************
                       ********************/
    2 00000000         ;/*                                                     
                                          */
    3 00000000         ;/*       Copyright (c) Microsoft Corporation. All right
                       s reserved.        */
    4 00000000         ;/*                                                     
                                          */
    5 00000000         ;/*       This software is licensed under the Microsoft 
                       Software License   */
    6 00000000         ;/*       Terms for Microsoft Azure RTOS. Full text of t
                       he license can be  */
    7 00000000         ;/*       found in the LICENSE file at https://aka.ms/Az
                       ureRTOS_EULA       */
    8 00000000         ;/*       and in the root directory of this software.   
                                          */
    9 00000000         ;/*                                                     
                                          */
   10 00000000         ;/******************************************************
                       ********************/
   11 00000000         ;
   12 00000000         ;
   13 00000000         ;/******************************************************
                       ********************/
   14 00000000         ;/******************************************************
                       ********************/
   15 00000000         ;/**                                                    
                                          */
   16 00000000         ;/** ThreadX Component                                  
                                          */
   17 00000000         ;/**                                                    
                                          */
   18 00000000         ;/**   Thread                                           
                                          */
   19 00000000         ;/**                                                    
                                          */
   20 00000000         ;/******************************************************
                       ********************/
   21 00000000         ;/******************************************************
                       ********************/
   22 00000000         ;
   23 00000000         ;#define TX_SOURCE_CODE
   24 00000000         ;
   25 00000000         ;
   26 00000000         ;/* Include necessary system files.  */
   27 00000000         ;
   28 00000000         ;#include "tx_api.h"
   29 00000000         ;#include "tx_thread.h"
   30 00000000         ;#include "tx_timer.h"
   31 00000000         ;
   32 00000000         ;
   33 00000000         ;
   34 00000000                 AREA             ||.text||, CODE, READONLY
   35 00000000         ;/******************************************************
                       ********************/
   36 00000000         ;/*                                                     
                                          */
   37 00000000         ;/*  FUNCTION                                           
                           RELEASE        */



ARM Macro Assembler    Page 2 


   38 00000000         ;/*                                                     
                                          */
   39 00000000         ;/*    _tx_thread_system_return                         
                        Cortex-M4/AC5    */
   40 00000000         ;/*                                                     
                             6.0.1        */
   41 00000000         ;/*  AUTHOR                                             
                                          */
   42 00000000         ;/*                                                     
                                          */
   43 00000000         ;/*    William E. Lamie, Microsoft Corporation          
                                          */
   44 00000000         ;/*                                                     
                                          */
   45 00000000         ;/*  DESCRIPTION                                        
                                          */
   46 00000000         ;/*                                                     
                                          */
   47 00000000         ;/*    This function is target processor specific.  It i
                       s used to transfer */
   48 00000000         ;/*    control from a thread back to the ThreadX system.
                         Only a           */
   49 00000000         ;/*    minimal context is saved since the compiler assum
                       es temp registers  */
   50 00000000         ;/*    are going to get slicked by a function call anywa
                       y.                 */
   51 00000000         ;/*                                                     
                                          */
   52 00000000         ;/*  INPUT                                              
                                          */
   53 00000000         ;/*                                                     
                                          */
   54 00000000         ;/*    None                                             
                                          */
   55 00000000         ;/*                                                     
                                          */
   56 00000000         ;/*  OUTPUT                                             
                                          */
   57 00000000         ;/*                                                     
                                          */
   58 00000000         ;/*    None                                             
                                          */
   59 00000000         ;/*                                                     
                                          */
   60 00000000         ;/*  CALLS                                              
                                          */
   61 00000000         ;/*                                                     
                                          */
   62 00000000         ;/*    _tx_thread_schedule                   Thread sche
                       duling loop        */
   63 00000000         ;/*                                                     
                                          */
   64 00000000         ;/*  CALLED BY                                          
                                          */
   65 00000000         ;/*                                                     
                                          */
   66 00000000         ;/*    ThreadX components                               
                                          */
   67 00000000         ;/*                                                     



ARM Macro Assembler    Page 3 


                                          */
   68 00000000         ;/*  RELEASE HISTORY                                    
                                          */
   69 00000000         ;/*                                                     
                                          */
   70 00000000         ;/*    DATE              NAME                      DESCR
                       IPTION             */
   71 00000000         ;/*                                                     
                                          */
   72 00000000         ;/*  06-30-2020     William E. Lamie         Initial Ver
                       sion 6.0.1         */
   73 00000000         ;/*                                                     
                                          */
   74 00000000         ;/******************************************************
                       ********************/
   75 00000000         ;VOID   _tx_thread_system_return(VOID)
   76 00000000         ;{
   77 00000000                 EXPORT           _tx_thread_system_return
   78 00000000         _tx_thread_system_return
   79 00000000         ;
   80 00000000         ;    /* Return to real scheduler via PendSV. Note that t
                       his routine is often 
   81 00000000         ;       replaced with in-line assembly in tx_port.h to i
                       mproved performance.  */
   82 00000000         ;     
   83 00000000 F04F 5080       MOV              r0, #0x10000000 ; Load PENDSVSE
                                                            T bit
   84 00000004 F04F 21E0       MOV              r1, #0xE000E000 
                                                            ; Load NVIC base
   85 00000008 F8C1 0D04       STR              r0, [r1, #0xD04] ; Set PENDSVBI
                                                            T in ICSR
   86 0000000C F3EF 8005       MRS              r0, IPSR    ; Pickup IPSR
   87 00000010 2800            CMP              r0, #0      ; Is it a thread re
                                                            turning?
   88 00000012 D104            BNE              _isr_context ; If ISR, skip int
                                                            errupt enable
   89 00000014 F3EF 8110       MRS              r1, PRIMASK ; Thread context re
                                                            turning, pickup PRI
                                                            MASK
   90 00000018 B662            CPSIE            i           ; Enable interrupts
                                                            
   91 0000001A F381 8810       MSR              PRIMASK, r1 ; Restore original 
                                                            interrupt posture
   92 0000001E         _isr_context
   93 0000001E 4770            BX               lr          ; Return to caller 
                                                            
   94 00000020         ;}
   95 00000020                 END
Command Line: --debug --xref --diag_suppress=9931 --cpu=Cortex-M4.fp.sp --apcs=
interwork --depend=azurertos\tx_thread_system_return.d -oazurertos\tx_thread_sy
stem_return.o -I.\RTE\_AzureRTOS -IC:\Users\ChenYanan\AppData\Local\Arm\Packs\A
RM\CMSIS\5.6.0\CMSIS\Core\Include -IC:\Users\ChenYanan\AppData\Local\Arm\Packs\
Keil\STM32L4xx_DFP\2.3.0\Drivers\CMSIS\Device\ST\STM32L4xx\Include --predefine=
"__MICROLIB SETA 1" --predefine="__UVISION_VERSION SETA 529" --predefine="_RTE_
 SETA 1" --predefine="STM32L496xx SETA 1" --list=tx_thread_system_return.lst ..
\src\AzureRTOS\ports\cortex_m4\keil\src\tx_thread_system_return.s



ARM Macro Assembler    Page 1 Alphabetic symbol ordering
Relocatable symbols

_isr_context 0000001E

Symbol: _isr_context
   Definitions
      At line 92 in file ..\src\AzureRTOS\ports\cortex_m4\keil\src\tx_thread_sy
stem_return.s
   Uses
      At line 88 in file ..\src\AzureRTOS\ports\cortex_m4\keil\src\tx_thread_sy
stem_return.s
Comment: _isr_context used once
_tx_thread_system_return 00000000

Symbol: _tx_thread_system_return
   Definitions
      At line 78 in file ..\src\AzureRTOS\ports\cortex_m4\keil\src\tx_thread_sy
stem_return.s
   Uses
      At line 77 in file ..\src\AzureRTOS\ports\cortex_m4\keil\src\tx_thread_sy
stem_return.s
Comment: _tx_thread_system_return used once
|.text| 00000000

Symbol: |.text|
   Definitions
      At line 34 in file ..\src\AzureRTOS\ports\cortex_m4\keil\src\tx_thread_sy
stem_return.s
   Uses
      None
Comment: |.text| unused
3 symbols
338 symbols in table
