


ARM Macro Assembler    Page 1 


    1 00000000         ;/******************************************************
                       ********************/
    2 00000000         ;/*                                                     
                                          */
    3 00000000         ;/*       Copyright (c) Microsoft Corporation. All right
                       s reserved.        */
    4 00000000         ;/*                                                     
                                          */
    5 00000000         ;/*       This software is licensed under the Microsoft 
                       Software License   */
    6 00000000         ;/*       Terms for Microsoft Azure RTOS. Full text of t
                       he license can be  */
    7 00000000         ;/*       found in the LICENSE file at https://aka.ms/Az
                       ureRTOS_EULA       */
    8 00000000         ;/*       and in the root directory of this software.   
                                          */
    9 00000000         ;/*                                                     
                                          */
   10 00000000         ;/******************************************************
                       ********************/
   11 00000000         ;
   12 00000000         ;
   13 00000000         ;/******************************************************
                       ********************/
   14 00000000         ;/******************************************************
                       ********************/
   15 00000000         ;/**                                                    
                                          */
   16 00000000         ;/** ThreadX Component                                  
                                          */
   17 00000000         ;/**                                                    
                                          */
   18 00000000         ;/**   Thread                                           
                                          */
   19 00000000         ;/**                                                    
                                          */
   20 00000000         ;/******************************************************
                       ********************/
   21 00000000         ;/******************************************************
                       ********************/
   22 00000000         ;
   23 00000000         ;#define TX_SOURCE_CODE
   24 00000000         ;
   25 00000000         ;
   26 00000000         ;/* Include necessary system files.  */
   27 00000000         ;
   28 00000000         ;#include "tx_api.h"
   29 00000000         ;#include "tx_thread.h"
   30 00000000         ;
   31 00000000         ;
   32 00000000                 AREA             ||.text||, CODE, READONLY
   33 00000000         ;/******************************************************
                       ********************/
   34 00000000         ;/*                                                     
                                          */
   35 00000000         ;/*  FUNCTION                                           
                           RELEASE        */
   36 00000000         ;/*                                                     
                                          */



ARM Macro Assembler    Page 2 


   37 00000000         ;/*    _tx_thread_interrupt_control                     
                        Cortex-M4/AC5    */
   38 00000000         ;/*                                                     
                             6.0.1        */
   39 00000000         ;/*  AUTHOR                                             
                                          */
   40 00000000         ;/*                                                     
                                          */
   41 00000000         ;/*    William E. Lamie, Microsoft Corporation          
                                          */
   42 00000000         ;/*                                                     
                                          */
   43 00000000         ;/*  DESCRIPTION                                        
                                          */
   44 00000000         ;/*                                                     
                                          */
   45 00000000         ;/*    This function is responsible for changing the int
                       errupt lockout     */
   46 00000000         ;/*    posture of the system.                           
                                          */
   47 00000000         ;/*                                                     
                                          */
   48 00000000         ;/*  INPUT                                              
                                          */
   49 00000000         ;/*                                                     
                                          */
   50 00000000         ;/*    new_posture                           New interru
                       pt lockout posture */
   51 00000000         ;/*                                                     
                                          */
   52 00000000         ;/*  OUTPUT                                             
                                          */
   53 00000000         ;/*                                                     
                                          */
   54 00000000         ;/*    old_posture                           Old interru
                       pt lockout posture */
   55 00000000         ;/*                                                     
                                          */
   56 00000000         ;/*  CALLS                                              
                                          */
   57 00000000         ;/*                                                     
                                          */
   58 00000000         ;/*    None                                             
                                          */
   59 00000000         ;/*                                                     
                                          */
   60 00000000         ;/*  CALLED BY                                          
                                          */
   61 00000000         ;/*                                                     
                                          */
   62 00000000         ;/*    Application Code                                 
                                          */
   63 00000000         ;/*                                                     
                                          */
   64 00000000         ;/*  RELEASE HISTORY                                    
                                          */
   65 00000000         ;/*                                                     
                                          */
   66 00000000         ;/*    DATE              NAME                      DESCR



ARM Macro Assembler    Page 3 


                       IPTION             */
   67 00000000         ;/*                                                     
                                          */
   68 00000000         ;/*  06-30-2020     William E. Lamie         Initial Ver
                       sion 6.0.1         */
   69 00000000         ;/*                                                     
                                          */
   70 00000000         ;/******************************************************
                       ********************/
   71 00000000         ;UINT   _tx_thread_interrupt_control(UINT new_posture)
   72 00000000         ;{
   73 00000000                 EXPORT           _tx_thread_interrupt_control
   74 00000000         _tx_thread_interrupt_control
   75 00000000         ;
   76 00000000         ;    /* Pickup current interrupt lockout posture.  */
   77 00000000         ;
   78 00000000 F3EF 8110       MRS              r1, PRIMASK
   79 00000004 F380 8810       MSR              PRIMASK, r0
   80 00000008 4608            MOV              r0, r1
   81 0000000A 4770            BX               lr
   82 0000000C         ;
   83 0000000C         ;}
   84 0000000C                 END
Command Line: --debug --xref --diag_suppress=9931 --cpu=Cortex-M4.fp.sp --apcs=
interwork --depend=azurertos\tx_thread_interrupt_control.d -oazurertos\tx_threa
d_interrupt_control.o -I.\RTE\_AzureRTOS -IC:\Users\ChenYanan\AppData\Local\Arm
\Packs\ARM\CMSIS\5.6.0\CMSIS\Core\Include -IC:\Users\ChenYanan\AppData\Local\Ar
m\Packs\Keil\STM32L4xx_DFP\2.3.0\Drivers\CMSIS\Device\ST\STM32L4xx\Include --pr
edefine="__MICROLIB SETA 1" --predefine="__UVISION_VERSION SETA 529" --predefin
e="_RTE_ SETA 1" --predefine="STM32L496xx SETA 1" --list=tx_thread_interrupt_co
ntrol.lst ..\src\AzureRTOS\ports\cortex_m4\keil\src\tx_thread_interrupt_control
.s



ARM Macro Assembler    Page 1 Alphabetic symbol ordering
Relocatable symbols

_tx_thread_interrupt_control 00000000

Symbol: _tx_thread_interrupt_control
   Definitions
      At line 74 in file ..\src\AzureRTOS\ports\cortex_m4\keil\src\tx_thread_in
terrupt_control.s
   Uses
      At line 73 in file ..\src\AzureRTOS\ports\cortex_m4\keil\src\tx_thread_in
terrupt_control.s
Comment: _tx_thread_interrupt_control used once
|.text| 00000000

Symbol: |.text|
   Definitions
      At line 32 in file ..\src\AzureRTOS\ports\cortex_m4\keil\src\tx_thread_in
terrupt_control.s
   Uses
      None
Comment: |.text| unused
2 symbols
337 symbols in table
