


ARM Macro Assembler    Page 1 


    1 00000000         ;/******************************************************
                       ********************/
    2 00000000         ;/*                                                     
                                          */
    3 00000000         ;/*       Copyright (c) Microsoft Corporation. All right
                       s reserved.        */
    4 00000000         ;/*                                                     
                                          */
    5 00000000         ;/*       This software is licensed under the Microsoft 
                       Software License   */
    6 00000000         ;/*       Terms for Microsoft Azure RTOS. Full text of t
                       he license can be  */
    7 00000000         ;/*       found in the LICENSE file at https://aka.ms/Az
                       ureRTOS_EULA       */
    8 00000000         ;/*       and in the root directory of this software.   
                                          */
    9 00000000         ;/*                                                     
                                          */
   10 00000000         ;/******************************************************
                       ********************/
   11 00000000         ;
   12 00000000         ;
   13 00000000         ;/******************************************************
                       ********************/
   14 00000000         ;/******************************************************
                       ********************/
   15 00000000         ;/**                                                    
                                          */
   16 00000000         ;/** ThreadX Component                                  
                                          */
   17 00000000         ;/**                                                    
                                          */
   18 00000000         ;/**   Thread                                           
                                          */
   19 00000000         ;/**                                                    
                                          */
   20 00000000         ;/******************************************************
                       ********************/
   21 00000000         ;/******************************************************
                       ********************/
   22 00000000         ;
   23 00000000         ;
   24 00000000         ;#define TX_SOURCE_CODE
   25 00000000         ;
   26 00000000         ;
   27 00000000         ;/* Include necessary system files.  */
   28 00000000         ;
   29 00000000         ;#include "tx_api.h"
   30 00000000         ;#include "tx_thread.h"
   31 00000000         ;#include "tx_timer.h"
   32 00000000         ;
   33 00000000         ;
   34 00000000                 IF               :DEF:TX_ENABLE_EXECUTION_CHANGE
_NOTIFY
   36                          ENDIF
   37 00000000         ;
   38 00000000         ;
   39 00000000                 AREA             ||.text||, CODE, READONLY
   40 00000000                 PRESERVE8



ARM Macro Assembler    Page 2 


   41 00000000         ;/******************************************************
                       ********************/
   42 00000000         ;/*                                                     
                                          */
   43 00000000         ;/*  FUNCTION                                           
                           RELEASE        */
   44 00000000         ;/*                                                     
                                          */
   45 00000000         ;/*    _tx_thread_context_restore                       
                        Cortex-M4/AC5    */
   46 00000000         ;/*                                                     
                             6.0.1        */
   47 00000000         ;/*  AUTHOR                                             
                                          */
   48 00000000         ;/*                                                     
                                          */
   49 00000000         ;/*    William E. Lamie, Microsoft Corporation          
                                          */
   50 00000000         ;/*                                                     
                                          */
   51 00000000         ;/*  DESCRIPTION                                        
                                          */
   52 00000000         ;/*                                                     
                                          */
   53 00000000         ;/*    This function restores the interrupt context if i
                       t is processing a  */
   54 00000000         ;/*    nested interrupt.  If not, it returns to the inte
                       rrupt thread if no */
   55 00000000         ;/*    preemption is necessary.  Otherwise, if preemptio
                       n is necessary or  */
   56 00000000         ;/*    if no thread was running, the function returns to
                        the scheduler.    */
   57 00000000         ;/*                                                     
                                          */
   58 00000000         ;/*  INPUT                                              
                                          */
   59 00000000         ;/*                                                     
                                          */
   60 00000000         ;/*    None                                             
                                          */
   61 00000000         ;/*                                                     
                                          */
   62 00000000         ;/*  OUTPUT                                             
                                          */
   63 00000000         ;/*                                                     
                                          */
   64 00000000         ;/*    None                                             
                                          */
   65 00000000         ;/*                                                     
                                          */
   66 00000000         ;/*  CALLS                                              
                                          */
   67 00000000         ;/*                                                     
                                          */
   68 00000000         ;/*    _tx_thread_schedule                   Thread sche
                       duling routine     */
   69 00000000         ;/*                                                     
                                          */
   70 00000000         ;/*  CALLED BY                                          



ARM Macro Assembler    Page 3 


                                          */
   71 00000000         ;/*                                                     
                                          */
   72 00000000         ;/*    ISRs                                  Interrupt S
                       ervice Routines    */
   73 00000000         ;/*                                                     
                                          */
   74 00000000         ;/*  RELEASE HISTORY                                    
                                          */
   75 00000000         ;/*                                                     
                                          */
   76 00000000         ;/*    DATE              NAME                      DESCR
                       IPTION             */
   77 00000000         ;/*                                                     
                                          */
   78 00000000         ;/*  06-30-2020     William E. Lamie         Initial Ver
                       sion 6.0.1         */
   79 00000000         ;/*                                                     
                                          */
   80 00000000         ;/******************************************************
                       ********************/
   81 00000000         ;VOID   _tx_thread_context_restore(VOID)
   82 00000000         ;{
   83 00000000                 EXPORT           _tx_thread_context_restore
   84 00000000         _tx_thread_context_restore
   85 00000000                 IF               :DEF:TX_ENABLE_EXECUTION_CHANGE
_NOTIFY
   92                          ENDIF
   93 00000000         ;
   94 00000000 F85D EB04       POP              {lr}
   95 00000004 4770            BX               lr
   96 00000006         ;}
   97 00000006 00 00           ALIGN
   98 00000008                 LTORG
   99 00000008                 END
Command Line: --debug --xref --diag_suppress=9931 --cpu=Cortex-M4.fp.sp --apcs=
interwork --depend=azurertos\tx_thread_context_restore.d -oazurertos\tx_thread_
context_restore.o -I.\RTE\_AzureRTOS -IC:\Users\ChenYanan\AppData\Local\Arm\Pac
ks\ARM\CMSIS\5.6.0\CMSIS\Core\Include -IC:\Users\ChenYanan\AppData\Local\Arm\Pa
cks\Keil\STM32L4xx_DFP\2.3.0\Drivers\CMSIS\Device\ST\STM32L4xx\Include --predef
ine="__MICROLIB SETA 1" --predefine="__UVISION_VERSION SETA 529" --predefine="_
RTE_ SETA 1" --predefine="STM32L496xx SETA 1" --list=tx_thread_context_restore.
lst ..\src\AzureRTOS\ports\cortex_m4\keil\src\tx_thread_context_restore.s



ARM Macro Assembler    Page 1 Alphabetic symbol ordering
Relocatable symbols

_tx_thread_context_restore 00000000

Symbol: _tx_thread_context_restore
   Definitions
      At line 84 in file ..\src\AzureRTOS\ports\cortex_m4\keil\src\tx_thread_co
ntext_restore.s
   Uses
      At line 83 in file ..\src\AzureRTOS\ports\cortex_m4\keil\src\tx_thread_co
ntext_restore.s
Comment: _tx_thread_context_restore used once
|.text| 00000000

Symbol: |.text|
   Definitions
      At line 39 in file ..\src\AzureRTOS\ports\cortex_m4\keil\src\tx_thread_co
ntext_restore.s
   Uses
      None
Comment: |.text| unused
2 symbols
341 symbols in table
