


ARM Macro Assembler    Page 1 


    1 00000000         ;/******************************************************
                       ********************/
    2 00000000         ;/*                                                     
                                          */
    3 00000000         ;/*       Copyright (c) Microsoft Corporation. All right
                       s reserved.        */
    4 00000000         ;/*                                                     
                                          */
    5 00000000         ;/*       This software is licensed under the Microsoft 
                       Software License   */
    6 00000000         ;/*       Terms for Microsoft Azure RTOS. Full text of t
                       he license can be  */
    7 00000000         ;/*       found in the LICENSE file at https://aka.ms/Az
                       ureRTOS_EULA       */
    8 00000000         ;/*       and in the root directory of this software.   
                                          */
    9 00000000         ;/*                                                     
                                          */
   10 00000000         ;/******************************************************
                       ********************/
   11 00000000         ;
   12 00000000         ;
   13 00000000         ;/******************************************************
                       ********************/
   14 00000000         ;/******************************************************
                       ********************/
   15 00000000         ;/**                                                    
                                          */
   16 00000000         ;/** ThreadX Component                                  
                                          */
   17 00000000         ;/**                                                    
                                          */
   18 00000000         ;/**   Thread                                           
                                          */
   19 00000000         ;/**                                                    
                                          */
   20 00000000         ;/******************************************************
                       ********************/
   21 00000000         ;/******************************************************
                       ********************/
   22 00000000         ;
   23 00000000         ;
   24 00000000         ;#define TX_SOURCE_CODE
   25 00000000         ;
   26 00000000         ;
   27 00000000         ;/* Include necessary system files.  */
   28 00000000         ;
   29 00000000         ;#include "tx_api.h"
   30 00000000         ;#include "tx_thread.h"
   31 00000000         ;#include "tx_timer.h"
   32 00000000         ;
   33 00000000         ;
   34 00000000                 IF               :DEF:TX_ENABLE_EXECUTION_CHANGE
_NOTIFY
   36                          ENDIF
   37 00000000         ;
   38 00000000         ;
   39 00000000                 AREA             ||.text||, CODE, READONLY
   40 00000000                 PRESERVE8



ARM Macro Assembler    Page 2 


   41 00000000         ;/******************************************************
                       ********************/
   42 00000000         ;/*                                                     
                                          */
   43 00000000         ;/*  FUNCTION                                           
                           RELEASE        */
   44 00000000         ;/*                                                     
                                          */
   45 00000000         ;/*    _tx_thread_context_save                          
                        Cortex-M4/AC5    */
   46 00000000         ;/*                                                     
                             6.0.1        */
   47 00000000         ;/*  AUTHOR                                             
                                          */
   48 00000000         ;/*                                                     
                                          */
   49 00000000         ;/*    William E. Lamie, Microsoft Corporation          
                                          */
   50 00000000         ;/*                                                     
                                          */
   51 00000000         ;/*  DESCRIPTION                                        
                                          */
   52 00000000         ;/*                                                     
                                          */
   53 00000000         ;/*    This function saves the context of an executing t
                       hread in the       */
   54 00000000         ;/*    beginning of interrupt processing.  The function 
                       also ensures that  */
   55 00000000         ;/*    the system stack is used upon return to the calli
                       ng ISR.            */
   56 00000000         ;/*                                                     
                                          */
   57 00000000         ;/*  INPUT                                              
                                          */
   58 00000000         ;/*                                                     
                                          */
   59 00000000         ;/*    None                                             
                                          */
   60 00000000         ;/*                                                     
                                          */
   61 00000000         ;/*  OUTPUT                                             
                                          */
   62 00000000         ;/*                                                     
                                          */
   63 00000000         ;/*    None                                             
                                          */
   64 00000000         ;/*                                                     
                                          */
   65 00000000         ;/*  CALLS                                              
                                          */
   66 00000000         ;/*                                                     
                                          */
   67 00000000         ;/*    None                                             
                                          */
   68 00000000         ;/*                                                     
                                          */
   69 00000000         ;/*  CALLED BY                                          
                                          */
   70 00000000         ;/*                                                     



ARM Macro Assembler    Page 3 


                                          */
   71 00000000         ;/*    ISRs                                             
                                          */
   72 00000000         ;/*                                                     
                                          */
   73 00000000         ;/*  RELEASE HISTORY                                    
                                          */
   74 00000000         ;/*                                                     
                                          */
   75 00000000         ;/*    DATE              NAME                      DESCR
                       IPTION             */
   76 00000000         ;/*                                                     
                                          */
   77 00000000         ;/*  06-30-2020     William E. Lamie         Initial Ver
                       sion 6.0.1         */
   78 00000000         ;/*                                                     
                                          */
   79 00000000         ;/******************************************************
                       ********************/
   80 00000000         ;VOID   _tx_thread_context_save(VOID)
   81 00000000         ;{
   82 00000000                 EXPORT           _tx_thread_context_save
   83 00000000         _tx_thread_context_save
   84 00000000                 IF               :DEF:TX_ENABLE_EXECUTION_CHANGE
_NOTIFY
   91                          ENDIF
   92 00000000         ;
   93 00000000         ;    /* Return to interrupt processing.  */
   94 00000000         ;     
   95 00000000 4770            BX               lr          ; Return to interru
                                                            pt processing calle
                                                            r
   96 00000002         ;}
   97 00000002 00 00           ALIGN
   98 00000004                 LTORG
   99 00000004                 END
Command Line: --debug --xref --diag_suppress=9931 --cpu=Cortex-M4.fp.sp --apcs=
interwork --depend=azurertos\tx_thread_context_save.d -oazurertos\tx_thread_con
text_save.o -I.\RTE\_AzureRTOS -IC:\Users\ChenYanan\AppData\Local\Arm\Packs\ARM
\CMSIS\5.6.0\CMSIS\Core\Include -IC:\Users\ChenYanan\AppData\Local\Arm\Packs\Ke
il\STM32L4xx_DFP\2.3.0\Drivers\CMSIS\Device\ST\STM32L4xx\Include --predefine="_
_MICROLIB SETA 1" --predefine="__UVISION_VERSION SETA 529" --predefine="_RTE_ S
ETA 1" --predefine="STM32L496xx SETA 1" --list=tx_thread_context_save.lst ..\sr
c\AzureRTOS\ports\cortex_m4\keil\src\tx_thread_context_save.s



ARM Macro Assembler    Page 1 Alphabetic symbol ordering
Relocatable symbols

_tx_thread_context_save 00000000

Symbol: _tx_thread_context_save
   Definitions
      At line 83 in file ..\src\AzureRTOS\ports\cortex_m4\keil\src\tx_thread_co
ntext_save.s
   Uses
      At line 82 in file ..\src\AzureRTOS\ports\cortex_m4\keil\src\tx_thread_co
ntext_save.s
Comment: _tx_thread_context_save used once
|.text| 00000000

Symbol: |.text|
   Definitions
      At line 39 in file ..\src\AzureRTOS\ports\cortex_m4\keil\src\tx_thread_co
ntext_save.s
   Uses
      None
Comment: |.text| unused
2 symbols
341 symbols in table
