


ARM Macro Assembler    Page 1 


    1 00000000         ;/******************************************************
                       ********************/
    2 00000000         ;/*                                                     
                                          */
    3 00000000         ;/*       Copyright (c) Microsoft Corporation. All right
                       s reserved.        */
    4 00000000         ;/*                                                     
                                          */
    5 00000000         ;/*       This software is licensed under the Microsoft 
                       Software License   */
    6 00000000         ;/*       Terms for Microsoft Azure RTOS. Full text of t
                       he license can be  */
    7 00000000         ;/*       found in the LICENSE file at https://aka.ms/Az
                       ureRTOS_EULA       */
    8 00000000         ;/*       and in the root directory of this software.   
                                          */
    9 00000000         ;/*                                                     
                                          */
   10 00000000         ;/******************************************************
                       ********************/
   11 00000000         ;
   12 00000000         ;
   13 00000000         ;/******************************************************
                       ********************/
   14 00000000         ;/******************************************************
                       ********************/
   15 00000000         ;/**                                                    
                                          */
   16 00000000         ;/** ThreadX Component                                  
                                          */
   17 00000000         ;/**                                                    
                                          */
   18 00000000         ;/**   Timer                                            
                                          */
   19 00000000         ;/**                                                    
                                          */
   20 00000000         ;/******************************************************
                       ********************/
   21 00000000         ;/******************************************************
                       ********************/
   22 00000000         ;
   23 00000000         ;#define TX_SOURCE_CODE
   24 00000000         ;
   25 00000000         ;
   26 00000000         ;/* Include necessary system files.  */
   27 00000000         ;
   28 00000000         ;#include "tx_api.h"
   29 00000000         ;#include "tx_timer.h"
   30 00000000         ;#include "tx_thread.h"
   31 00000000         ;
   32 00000000         ;
   33 00000000         ;Define Assembly language external references...
   34 00000000         ;
   35 00000000                 IMPORT           _tx_timer_time_slice
   36 00000000                 IMPORT           _tx_timer_system_clock
   37 00000000                 IMPORT           _tx_timer_current_ptr
   38 00000000                 IMPORT           _tx_timer_list_start
   39 00000000                 IMPORT           _tx_timer_list_end
   40 00000000                 IMPORT           _tx_timer_expired_time_slice



ARM Macro Assembler    Page 2 


   41 00000000                 IMPORT           _tx_timer_expired
   42 00000000                 IMPORT           _tx_thread_time_slice
   43 00000000                 IMPORT           _tx_timer_expiration_process
   44 00000000                 IMPORT           _tx_thread_preempt_disable
   45 00000000                 IMPORT           _tx_thread_current_ptr
   46 00000000                 IMPORT           _tx_thread_execute_ptr
   47 00000000         ;
   48 00000000         ;
   49 00000000                 AREA             ||.text||, CODE, READONLY
   50 00000000                 PRESERVE8
   51 00000000         ;/******************************************************
                       ********************/
   52 00000000         ;/*                                                     
                                          */
   53 00000000         ;/*  FUNCTION                                           
                           RELEASE        */
   54 00000000         ;/*                                                     
                                          */
   55 00000000         ;/*    _tx_timer_interrupt                              
                        Cortex-M4/AC5    */
   56 00000000         ;/*                                                     
                             6.0.1        */
   57 00000000         ;/*  AUTHOR                                             
                                          */
   58 00000000         ;/*                                                     
                                          */
   59 00000000         ;/*    William E. Lamie, Microsoft Corporation          
                                          */
   60 00000000         ;/*                                                     
                                          */
   61 00000000         ;/*  DESCRIPTION                                        
                                          */
   62 00000000         ;/*                                                     
                                          */
   63 00000000         ;/*    This function processes the hardware timer interr
                       upt.  This         */
   64 00000000         ;/*    processing includes incrementing the system clock
                        and checking for  */
   65 00000000         ;/*    time slice and/or timer expiration.  If either is
                        found, the        */
   66 00000000         ;/*    interrupt context save/restore functions are call
                       ed along with the  */
   67 00000000         ;/*    expiration functions.                            
                                          */
   68 00000000         ;/*                                                     
                                          */
   69 00000000         ;/*  INPUT                                              
                                          */
   70 00000000         ;/*                                                     
                                          */
   71 00000000         ;/*    None                                             
                                          */
   72 00000000         ;/*                                                     
                                          */
   73 00000000         ;/*  OUTPUT                                             
                                          */
   74 00000000         ;/*                                                     
                                          */
   75 00000000         ;/*    None                                             



ARM Macro Assembler    Page 3 


                                          */
   76 00000000         ;/*                                                     
                                          */
   77 00000000         ;/*  CALLS                                              
                                          */
   78 00000000         ;/*                                                     
                                          */
   79 00000000         ;/*    _tx_timer_expiration_process          Timer expir
                       ation processing   */
   80 00000000         ;/*    _tx_thread_time_slice                 Time slice 
                       interrupted thread */
   81 00000000         ;/*                                                     
                                          */
   82 00000000         ;/*  CALLED BY                                          
                                          */
   83 00000000         ;/*                                                     
                                          */
   84 00000000         ;/*    interrupt vector                                 
                                          */
   85 00000000         ;/*                                                     
                                          */
   86 00000000         ;/*  RELEASE HISTORY                                    
                                          */
   87 00000000         ;/*                                                     
                                          */
   88 00000000         ;/*    DATE              NAME                      DESCR
                       IPTION             */
   89 00000000         ;/*                                                     
                                          */
   90 00000000         ;/*  06-30-2020     William E. Lamie         Initial Ver
                       sion 6.0.1         */
   91 00000000         ;/*                                                     
                                          */
   92 00000000         ;/******************************************************
                       ********************/
   93 00000000         ;VOID   _tx_timer_interrupt(VOID)
   94 00000000         ;{
   95 00000000                 EXPORT           _tx_timer_interrupt
   96 00000000         _tx_timer_interrupt
   97 00000000         ;
   98 00000000         ;    /* Upon entry to this routine, it is assumed that c
                       ontext save has already
   99 00000000         ;       been called, and therefore the compiler scratch 
                       registers are available
  100 00000000         ;       for use.  */
  101 00000000         ;
  102 00000000         ;    /* Increment the system clock.  */
  103 00000000         ;    _tx_timer_system_clock++;
  104 00000000         ;
  105 00000000 F240 0100 
              F2C0 0100        MOV32            r1, _tx_timer_system_clock ; Pi
                                                            ckup address of sys
                                                            tem clock
  106 00000008 6808            LDR              r0, [r1, #0] ; Pickup system cl
                                                            ock
  107 0000000A F100 0001       ADD              r0, r0, #1  ; Increment system 
                                                            clock
  108 0000000E 6008            STR              r0, [r1, #0] ; Store new system
                                                             clock



ARM Macro Assembler    Page 4 


  109 00000010         ;
  110 00000010         ;    /* Test for time-slice expiration.  */
  111 00000010         ;    if (_tx_timer_time_slice)
  112 00000010         ;    {
  113 00000010         ;
  114 00000010 F240 0300 
              F2C0 0300        MOV32            r3, _tx_timer_time_slice ; Pick
                                                            up address of time-
                                                            slice 
  115 00000018 681A            LDR              r2, [r3, #0] 
                                                            ; Pickup time-slice
                                                            
  116 0000001A B152            CBZ              r2,  __tx_timer_no_time_slice 
                                                            ; Is it non-active?
                                                            
  117 0000001C         ; Yes, skip time-slice processing
  118 0000001C         ;
  119 0000001C         ;       /* Decrement the time_slice.  */
  120 0000001C         ;       _tx_timer_time_slice--;
  121 0000001C         ;
  122 0000001C F1A2 0201       SUB              r2, r2, #1  ; Decrement the tim
                                                            e-slice
  123 00000020 601A            STR              r2, [r3, #0] ; Store new time-s
                                                            lice value
  124 00000022         ;
  125 00000022         ;       /* Check for expiration.  */
  126 00000022         ;       if (__tx_timer_time_slice == 0)
  127 00000022         ;
  128 00000022 B932            CBNZ             r2, __tx_timer_no_time_slice 
                                                            ; Has it expired?
  129 00000024         ;
  130 00000024         ;       /* Set the time-slice expired flag.  */
  131 00000024         ;       _tx_timer_expired_time_slice =  TX_TRUE;
  132 00000024         ;
  133 00000024 F240 0300 
              F2C0 0300        MOV32            r3, _tx_timer_expired_time_slic
e 
                                                            ; Pickup address of
                                                             expired flag
  134 0000002C F04F 0001       MOV              r0, #1      ; Build expired val
                                                            ue
  135 00000030 6018            STR              r0, [r3, #0] ; Set time-slice e
                                                            xpiration flag
  136 00000032         ;
  137 00000032         ;    }
  138 00000032         ;
  139 00000032         __tx_timer_no_time_slice
  140 00000032         ;
  141 00000032         ;    /* Test for timer expiration.  */
  142 00000032         ;    if (*_tx_timer_current_ptr)
  143 00000032         ;    {
  144 00000032         ;
  145 00000032 F240 0100 
              F2C0 0100        MOV32            r1, _tx_timer_current_ptr ; Pic
                                                            kup current timer p
                                                            ointer address
  146 0000003A 6808            LDR              r0, [r1, #0] ; Pickup current t
                                                            imer
  147 0000003C 6802            LDR              r2, [r0, #0] ; Pickup timer lis



ARM Macro Assembler    Page 5 


                                                            t entry
  148 0000003E B13A            CBZ              r2, __tx_timer_no_timer ; Is th
                                                            ere anything in the
                                                             list?
  149 00000040         ; No, just increment the timer
  150 00000040         ;
  151 00000040         ;        /* Set expiration flag.  */
  152 00000040         ;        _tx_timer_expired =  TX_TRUE;
  153 00000040         ;
  154 00000040 F240 0300 
              F2C0 0300        MOV32            r3, _tx_timer_expired ; Pickup 
                                                            expiration flag add
                                                            ress
  155 00000048 F04F 0201       MOV              r2, #1      ; Build expired val
                                                            ue
  156 0000004C 601A            STR              r2, [r3, #0] ; Set expired flag
                                                            
  157 0000004E E00E            B                __tx_timer_done ; Finished time
                                                            r processing
  158 00000050         ;
  159 00000050         ;    }
  160 00000050         ;    else
  161 00000050         ;    {
  162 00000050         __tx_timer_no_timer
  163 00000050         ;
  164 00000050         ;        /* No timer expired, increment the timer pointe
                       r.  */
  165 00000050         ;        _tx_timer_current_ptr++;
  166 00000050         ;
  167 00000050 F100 0004       ADD              r0, r0, #4  ; Move to next time
                                                            r
  168 00000054         ;
  169 00000054         ;        /* Check for wrap-around.  */
  170 00000054         ;        if (_tx_timer_current_ptr == _tx_timer_list_end
                       )
  171 00000054         ;
  172 00000054 F240 0300 
              F2C0 0300        MOV32            r3, _tx_timer_list_end ; Pickup
                                                             addr of timer list
                                                             end
  173 0000005C 681A            LDR              r2, [r3, #0] ; Pickup list end
  174 0000005E 4290            CMP              r0, r2      ; Are we at list en
                                                            d?
  175 00000060 D104            BNE              __tx_timer_skip_wrap ; No, skip
                                                             wrap-around logic
  176 00000062         ;
  177 00000062         ;            /* Wrap to beginning of list.  */
  178 00000062         ;            _tx_timer_current_ptr =  _tx_timer_list_sta
                       rt;
  179 00000062         ;
  180 00000062 F240 0300 
              F2C0 0300        MOV32            r3, _tx_timer_list_start ; Pick
                                                            up addr of timer li
                                                            st start
  181 0000006A 6818            LDR              r0, [r3, #0] ; Set current poin
                                                            ter to list start
  182 0000006C         ;
  183 0000006C         __tx_timer_skip_wrap
  184 0000006C         ;



ARM Macro Assembler    Page 6 


  185 0000006C 6008            STR              r0, [r1, #0] ; Store new curren
                                                            t timer pointer
  186 0000006E         ;    }
  187 0000006E         ;
  188 0000006E         __tx_timer_done
  189 0000006E         ;
  190 0000006E         ;
  191 0000006E         ;    /* See if anything has expired.  */
  192 0000006E         ;    if ((_tx_timer_expired_time_slice) || (_tx_timer_ex
                       pired))
  193 0000006E         ;    {
  194 0000006E         ;
  195 0000006E F240 0300 
              F2C0 0300        MOV32            r3, _tx_timer_expired_time_slic
e 
                                                            ; Pickup addr of ex
                                                            pired flag
  196 00000076 681A            LDR              r2, [r3, #0] ; Pickup time-slic
                                                            e expired flag
  197 00000078 B92A            CBNZ             r2, __tx_something_expired ; Di
                                                            d a time-slice expi
                                                            re?
  198 0000007A         ; If non-zero, time-slice expired
  199 0000007A F240 0100 
              F2C0 0100        MOV32            r1, _tx_timer_expired ; Pickup 
                                                            addr of other expir
                                                            ed flag
  200 00000082 6808            LDR              r0, [r1, #0] ; Pickup timer exp
                                                            ired flag
  201 00000084 B368            CBZ              r0, __tx_timer_nothing_expired 
                                                            ; Did a timer expir
                                                            e?
  202 00000086         ; No, nothing expired
  203 00000086         ;
  204 00000086         __tx_something_expired
  205 00000086         ;
  206 00000086         ;
  207 00000086 B501            STMDB            sp!, {r0, lr} ; Save the lr reg
                                                            ister on the stack
  208 00000088         ;   and save r0 just to keep 8-byte alignment
  209 00000088         ;
  210 00000088         ;    /* Did a timer expire?  */
  211 00000088         ;    if (_tx_timer_expired)
  212 00000088         ;    {
  213 00000088         ;
  214 00000088 F240 0100 
              F2C0 0100        MOV32            r1, _tx_timer_expired ; Pickup 
                                                            addr of expired fla
                                                            g
  215 00000090 6808            LDR              r0, [r1, #0] ; Pickup timer exp
                                                            ired flag
  216 00000092 B108            CBZ              r0, __tx_timer_dont_activate ; 
                                                            Check for timer exp
                                                            iration
  217 00000094         ; If not set, skip timer activation
  218 00000094         ;
  219 00000094         ;        /* Process timer expiration.  */
  220 00000094         ;        _tx_timer_expiration_process();
  221 00000094         ;



ARM Macro Assembler    Page 7 


  222 00000094 F7FF FFFE       BL               _tx_timer_expiration_process ; 
                                                            Call the timer expi
                                                            ration handling rou
                                                            tine
  223 00000098         ;
  224 00000098         ;    }
  225 00000098         __tx_timer_dont_activate
  226 00000098         ;
  227 00000098         ;    /* Did time slice expire?  */
  228 00000098         ;    if (_tx_timer_expired_time_slice)
  229 00000098         ;    {
  230 00000098         ;
  231 00000098 F240 0300 
              F2C0 0300        MOV32            r3, _tx_timer_expired_time_slic
e 
                                                            ; Pickup addr of ti
                                                            me-slice expired 
  232 000000A0 681A            LDR              r2, [r3, #0] ; Pickup the actua
                                                            l flag
  233 000000A2 B1E2            CBZ              r2, __tx_timer_not_ts_expiratio
n 
                                                            ; See if the flag i
                                                            s set
  234 000000A4         ; No, skip time-slice processing
  235 000000A4         ;
  236 000000A4         ;        /* Time slice interrupted thread.  */
  237 000000A4         ;        _tx_thread_time_slice(); 
  238 000000A4         
  239 000000A4 F7FF FFFE       BL               _tx_thread_time_slice ; Call ti
                                                            me-slice processing
                                                            
  240 000000A8 F240 0000 
              F2C0 0000        MOV32            r0, _tx_thread_preempt_disable 
                                                            ; Build address of 
                                                            preempt disable fla
                                                            g
  241 000000B0 6801            LDR              r1, [r0]    ; Is the preempt di
                                                            sable flag set?
  242 000000B2 B9A1            CBNZ             r1, __tx_timer_skip_time_slice 
                                                            ; Yes, skip the Pen
                                                            dSV logic
  243 000000B4 F240 0000 
              F2C0 0000        MOV32            r0, _tx_thread_current_ptr ; Bu
                                                            ild current thread 
                                                            pointer address
  244 000000BC 6801            LDR              r1, [r0]    ; Pickup the curren
                                                            t thread pointer
  245 000000BE F240 0200 
              F2C0 0200        MOV32            r2, _tx_thread_execute_ptr ; Bu
                                                            ild execute thread 
                                                            pointer address
  246 000000C6 6813            LDR              r3, [r2]    ; Pickup the execut
                                                            e thread pointer
  247 000000C8 F64E 5004 
              F2CE 0000        MOV32            r0, 0xE000ED04 ; Build address 
                                                            of control register
                                                            
  248 000000D0 F240 0200 
              F2C1 0200        MOV32            r2, 0x10000000 ; Build value fo



ARM Macro Assembler    Page 8 


                                                            r PendSV bit
  249 000000D8 4299            CMP              r1, r3      ; Are they the same
                                                            ?
  250 000000DA D000            BEQ              __tx_timer_skip_time_slice ; If
                                                             the same, there wa
                                                            s no time-slice per
                                                            formed
  251 000000DC 6002            STR              r2, [r0]    ; Not the same, iss
                                                            ue the PendSV for p
                                                            reemption
  252 000000DE         __tx_timer_skip_time_slice
  253 000000DE         ;
  254 000000DE         ;    }
  255 000000DE         ;
  256 000000DE         __tx_timer_not_ts_expiration
  257 000000DE         ;
  258 000000DE E8BD 4001       LDMIA            sp!, {r0, lr} ; Recover lr regi
                                                            ster (r0 is just th
                                                            ere for
  259 000000E2         ;
  260 000000E2         ;    }
  261 000000E2         ;
  262 000000E2         __tx_timer_nothing_expired
  263 000000E2         
  264 000000E2 F3BF 8F4F       DSB                          ; Complete all memo
                                                            ry access
  265 000000E6 4770            BX               lr          ; Return to caller
  266 000000E8         ;
  267 000000E8         ;}
  268 000000E8                 ALIGN
  269 000000E8                 LTORG
  270 000000E8                 END
Command Line: --debug --xref --diag_suppress=9931 --cpu=Cortex-M4.fp.sp --apcs=
interwork --depend=azurertos\tx_timer_interrupt.d -oazurertos\tx_timer_interrup
t.o -I.\RTE\_AzureRTOS -IC:\Users\ChenYanan\AppData\Local\Arm\Packs\ARM\CMSIS\5
.6.0\CMSIS\Core\Include -IC:\Users\ChenYanan\AppData\Local\Arm\Packs\Keil\STM32
L4xx_DFP\2.3.0\Drivers\CMSIS\Device\ST\STM32L4xx\Include --predefine="__MICROLI
B SETA 1" --predefine="__UVISION_VERSION SETA 529" --predefine="_RTE_ SETA 1" -
-predefine="STM32L496xx SETA 1" --list=tx_timer_interrupt.lst ..\src\AzureRTOS\
ports\cortex_m4\keil\src\tx_timer_interrupt.s



ARM Macro Assembler    Page 1 Alphabetic symbol ordering
Relocatable symbols

__tx_something_expired 00000086

Symbol: __tx_something_expired
   Definitions
      At line 204 in file ..\src\AzureRTOS\ports\cortex_m4\keil\src\tx_timer_in
terrupt.s
   Uses
      At line 197 in file ..\src\AzureRTOS\ports\cortex_m4\keil\src\tx_timer_in
terrupt.s
Comment: __tx_something_expired used once
__tx_timer_done 0000006E

Symbol: __tx_timer_done
   Definitions
      At line 188 in file ..\src\AzureRTOS\ports\cortex_m4\keil\src\tx_timer_in
terrupt.s
   Uses
      At line 157 in file ..\src\AzureRTOS\ports\cortex_m4\keil\src\tx_timer_in
terrupt.s
Comment: __tx_timer_done used once
__tx_timer_dont_activate 00000098

Symbol: __tx_timer_dont_activate
   Definitions
      At line 225 in file ..\src\AzureRTOS\ports\cortex_m4\keil\src\tx_timer_in
terrupt.s
   Uses
      At line 216 in file ..\src\AzureRTOS\ports\cortex_m4\keil\src\tx_timer_in
terrupt.s
Comment: __tx_timer_dont_activate used once
__tx_timer_no_time_slice 00000032

Symbol: __tx_timer_no_time_slice
   Definitions
      At line 139 in file ..\src\AzureRTOS\ports\cortex_m4\keil\src\tx_timer_in
terrupt.s
   Uses
      At line 116 in file ..\src\AzureRTOS\ports\cortex_m4\keil\src\tx_timer_in
terrupt.s
      At line 128 in file ..\src\AzureRTOS\ports\cortex_m4\keil\src\tx_timer_in
terrupt.s

__tx_timer_no_timer 00000050

Symbol: __tx_timer_no_timer
   Definitions
      At line 162 in file ..\src\AzureRTOS\ports\cortex_m4\keil\src\tx_timer_in
terrupt.s
   Uses
      At line 148 in file ..\src\AzureRTOS\ports\cortex_m4\keil\src\tx_timer_in
terrupt.s
Comment: __tx_timer_no_timer used once
__tx_timer_not_ts_expiration 000000DE

Symbol: __tx_timer_not_ts_expiration
   Definitions
      At line 256 in file ..\src\AzureRTOS\ports\cortex_m4\keil\src\tx_timer_in
terrupt.s
   Uses



ARM Macro Assembler    Page 2 Alphabetic symbol ordering
Relocatable symbols

      At line 233 in file ..\src\AzureRTOS\ports\cortex_m4\keil\src\tx_timer_in
terrupt.s
Comment: __tx_timer_not_ts_expiration used once
__tx_timer_nothing_expired 000000E2

Symbol: __tx_timer_nothing_expired
   Definitions
      At line 262 in file ..\src\AzureRTOS\ports\cortex_m4\keil\src\tx_timer_in
terrupt.s
   Uses
      At line 201 in file ..\src\AzureRTOS\ports\cortex_m4\keil\src\tx_timer_in
terrupt.s
Comment: __tx_timer_nothing_expired used once
__tx_timer_skip_time_slice 000000DE

Symbol: __tx_timer_skip_time_slice
   Definitions
      At line 252 in file ..\src\AzureRTOS\ports\cortex_m4\keil\src\tx_timer_in
terrupt.s
   Uses
      At line 242 in file ..\src\AzureRTOS\ports\cortex_m4\keil\src\tx_timer_in
terrupt.s
      At line 250 in file ..\src\AzureRTOS\ports\cortex_m4\keil\src\tx_timer_in
terrupt.s

__tx_timer_skip_wrap 0000006C

Symbol: __tx_timer_skip_wrap
   Definitions
      At line 183 in file ..\src\AzureRTOS\ports\cortex_m4\keil\src\tx_timer_in
terrupt.s
   Uses
      At line 175 in file ..\src\AzureRTOS\ports\cortex_m4\keil\src\tx_timer_in
terrupt.s
Comment: __tx_timer_skip_wrap used once
_tx_timer_interrupt 00000000

Symbol: _tx_timer_interrupt
   Definitions
      At line 96 in file ..\src\AzureRTOS\ports\cortex_m4\keil\src\tx_timer_int
errupt.s
   Uses
      At line 95 in file ..\src\AzureRTOS\ports\cortex_m4\keil\src\tx_timer_int
errupt.s
Comment: _tx_timer_interrupt used once
|.text| 00000000

Symbol: |.text|
   Definitions
      At line 49 in file ..\src\AzureRTOS\ports\cortex_m4\keil\src\tx_timer_int
errupt.s
   Uses
      None
Comment: |.text| unused
11 symbols



ARM Macro Assembler    Page 1 Alphabetic symbol ordering
External symbols

_tx_thread_current_ptr 00000000

Symbol: _tx_thread_current_ptr
   Definitions
      At line 45 in file ..\src\AzureRTOS\ports\cortex_m4\keil\src\tx_timer_int
errupt.s
   Uses
      At line 243 in file ..\src\AzureRTOS\ports\cortex_m4\keil\src\tx_timer_in
terrupt.s
Comment: _tx_thread_current_ptr used once
_tx_thread_execute_ptr 00000000

Symbol: _tx_thread_execute_ptr
   Definitions
      At line 46 in file ..\src\AzureRTOS\ports\cortex_m4\keil\src\tx_timer_int
errupt.s
   Uses
      At line 245 in file ..\src\AzureRTOS\ports\cortex_m4\keil\src\tx_timer_in
terrupt.s
Comment: _tx_thread_execute_ptr used once
_tx_thread_preempt_disable 00000000

Symbol: _tx_thread_preempt_disable
   Definitions
      At line 44 in file ..\src\AzureRTOS\ports\cortex_m4\keil\src\tx_timer_int
errupt.s
   Uses
      At line 240 in file ..\src\AzureRTOS\ports\cortex_m4\keil\src\tx_timer_in
terrupt.s
Comment: _tx_thread_preempt_disable used once
_tx_thread_time_slice 00000000

Symbol: _tx_thread_time_slice
   Definitions
      At line 42 in file ..\src\AzureRTOS\ports\cortex_m4\keil\src\tx_timer_int
errupt.s
   Uses
      At line 239 in file ..\src\AzureRTOS\ports\cortex_m4\keil\src\tx_timer_in
terrupt.s
Comment: _tx_thread_time_slice used once
_tx_timer_current_ptr 00000000

Symbol: _tx_timer_current_ptr
   Definitions
      At line 37 in file ..\src\AzureRTOS\ports\cortex_m4\keil\src\tx_timer_int
errupt.s
   Uses
      At line 145 in file ..\src\AzureRTOS\ports\cortex_m4\keil\src\tx_timer_in
terrupt.s
Comment: _tx_timer_current_ptr used once
_tx_timer_expiration_process 00000000

Symbol: _tx_timer_expiration_process
   Definitions
      At line 43 in file ..\src\AzureRTOS\ports\cortex_m4\keil\src\tx_timer_int
errupt.s
   Uses
      At line 222 in file ..\src\AzureRTOS\ports\cortex_m4\keil\src\tx_timer_in
terrupt.s



ARM Macro Assembler    Page 2 Alphabetic symbol ordering
External symbols

Comment: _tx_timer_expiration_process used once
_tx_timer_expired 00000000

Symbol: _tx_timer_expired
   Definitions
      At line 41 in file ..\src\AzureRTOS\ports\cortex_m4\keil\src\tx_timer_int
errupt.s
   Uses
      At line 154 in file ..\src\AzureRTOS\ports\cortex_m4\keil\src\tx_timer_in
terrupt.s
      At line 199 in file ..\src\AzureRTOS\ports\cortex_m4\keil\src\tx_timer_in
terrupt.s
      At line 214 in file ..\src\AzureRTOS\ports\cortex_m4\keil\src\tx_timer_in
terrupt.s

_tx_timer_expired_time_slice 00000000

Symbol: _tx_timer_expired_time_slice
   Definitions
      At line 40 in file ..\src\AzureRTOS\ports\cortex_m4\keil\src\tx_timer_int
errupt.s
   Uses
      At line 133 in file ..\src\AzureRTOS\ports\cortex_m4\keil\src\tx_timer_in
terrupt.s
      At line 195 in file ..\src\AzureRTOS\ports\cortex_m4\keil\src\tx_timer_in
terrupt.s
      At line 231 in file ..\src\AzureRTOS\ports\cortex_m4\keil\src\tx_timer_in
terrupt.s

_tx_timer_list_end 00000000

Symbol: _tx_timer_list_end
   Definitions
      At line 39 in file ..\src\AzureRTOS\ports\cortex_m4\keil\src\tx_timer_int
errupt.s
   Uses
      At line 172 in file ..\src\AzureRTOS\ports\cortex_m4\keil\src\tx_timer_in
terrupt.s
Comment: _tx_timer_list_end used once
_tx_timer_list_start 00000000

Symbol: _tx_timer_list_start
   Definitions
      At line 38 in file ..\src\AzureRTOS\ports\cortex_m4\keil\src\tx_timer_int
errupt.s
   Uses
      At line 180 in file ..\src\AzureRTOS\ports\cortex_m4\keil\src\tx_timer_in
terrupt.s
Comment: _tx_timer_list_start used once
_tx_timer_system_clock 00000000

Symbol: _tx_timer_system_clock
   Definitions
      At line 36 in file ..\src\AzureRTOS\ports\cortex_m4\keil\src\tx_timer_int
errupt.s
   Uses
      At line 105 in file ..\src\AzureRTOS\ports\cortex_m4\keil\src\tx_timer_in
terrupt.s
Comment: _tx_timer_system_clock used once



ARM Macro Assembler    Page 3 Alphabetic symbol ordering
External symbols

_tx_timer_time_slice 00000000

Symbol: _tx_timer_time_slice
   Definitions
      At line 35 in file ..\src\AzureRTOS\ports\cortex_m4\keil\src\tx_timer_int
errupt.s
   Uses
      At line 114 in file ..\src\AzureRTOS\ports\cortex_m4\keil\src\tx_timer_in
terrupt.s
Comment: _tx_timer_time_slice used once
12 symbols
358 symbols in table
